INFO  | 2024-08-07 12:13:56 | [main] vp.Main (Main.java:23) -  ___ ____   ____   __     ______  
|_ _/ ___| / ___|  \ \   / /  _ \ 
 | |\___ \| |   ____\ \ / /| |_) |
 | | ___) | |__|_____\ V / |  __/ 
|___|____/ \____|     \_/  |_|    
                                  

INFO  | 2024-08-07 12:13:57 | [main] vp.Main (Main.java:29) - Starting Vertretungsplan ...
INFO  | 2024-08-07 12:14:02 | [Thread-0] util.JavalinLogger (JavalinLogger.kt:16) - It looks like you created a Javalin instance, but you never started it.
INFO  | 2024-08-07 12:14:02 | [Thread-0] util.JavalinLogger (JavalinLogger.kt:16) - Try: Javalin app = Javalin.create().start();
INFO  | 2024-08-07 12:14:02 | [Thread-0] util.JavalinLogger (JavalinLogger.kt:16) - For more help, visit https://javalin.io/documentation#server-setup
INFO  | 2024-08-07 12:14:09 | [main] vp.Main (Main.java:23) - 
 ___ ____   ____   __     ______  
|_ _/ ___| / ___|  \ \   / /  _ \ 
 | |\___ \| |   ____\ \ / /| |_) |
 | | ___) | |__|_____\ V / |  __/ 
|___|____/ \____|     \_/  |_|    
                                  

INFO  | 2024-08-07 12:14:09 | [main] vp.Main (Main.java:29) - Starting Vertretungsplan ...
INFO  | 2024-08-07 12:14:14 | [Thread-0] util.JavalinLogger (JavalinLogger.kt:16) - It looks like you created a Javalin instance, but you never started it.
INFO  | 2024-08-07 12:14:14 | [Thread-0] util.JavalinLogger (JavalinLogger.kt:16) - Try: Javalin app = Javalin.create().start();
INFO  | 2024-08-07 12:14:14 | [Thread-0] util.JavalinLogger (JavalinLogger.kt:16) - For more help, visit https://javalin.io/documentation#server-setup
INFO  | 2024-08-07 12:19:01 | [main] vp.Main (Main.java:22) - Starting Vertretungsplan ...
INFO  | 2024-08-07 12:19:01 | [main] vp.Main (Main.java:23) - 
 ___ ____   ____   __     ______  
|_ _/ ___| / ___|  \ \   / /  _ \ 
 | |\___ \| |   ____\ \ / /| |_) |
 | | ___) | |__|_____\ V / |  __/ 
|___|____/ \____|     \_/  |_|    

INFO  | 2024-08-07 12:19:01 | [main] util.JavalinLogger (JavalinLogger.kt:16) - Starting Javalin ...
INFO  | 2024-08-07 12:19:01 | [main] server.Server (Server.java:384) - jetty-11.0.21; built: 2024-05-14T03:19:28.958Z; git: 996cd61addad9cb033e0e3eba6fa3f0fa3dc270d; jvm 21.0.4+7-LTS
INFO  | 2024-08-07 12:19:01 | [main] session.DefaultSessionIdManager (DefaultSessionIdManager.java:332) - Session workerName=node0
INFO  | 2024-08-07 12:19:01 | [main] handler.ContextHandler (ContextHandler.java:907) - Started o.e.j.s.ServletContextHandler@654d8173{/,null,AVAILABLE}
INFO  | 2024-08-07 12:19:01 | [main] server.AbstractConnector (AbstractConnector.java:376) - Started ServerConnector@5b202a3a{HTTP/1.1, (http/1.1)}{0.0.0.0:8080}
INFO  | 2024-08-07 12:19:01 | [main] server.Server (Server.java:439) - Started Server@2002348{STARTING}[11.0.21,sto=0] @1736ms
INFO  | 2024-08-07 12:19:01 | [main] util.JavalinLogger (JavalinLogger.kt:16) - 
       __                  ___           _____
      / /___ __   ______ _/ (_)___      / ___/
 __  / / __ `/ | / / __ `/ / / __ \    / __ \
/ /_/ / /_/ /| |/ / /_/ / / / / / /   / /_/ /
\____/\__,_/ |___/\__,_/_/_/_/ /_/    \____/

       https://javalin.io/documentation

INFO  | 2024-08-07 12:19:01 | [main] util.JavalinLogger (JavalinLogger.kt:16) - Javalin started in 280ms \o/
INFO  | 2024-08-07 12:19:01 | [main] util.JavalinLogger (JavalinLogger.kt:21) - Static file handler added: StaticFileConfig(hostedPath=/, directory=/webstatic, location=CLASSPATH, precompress=false, aliasCheck=null, headers={Cache-Control=max-age=0}, skipFileFunction=Function1<jakarta.servlet.http.HttpServletRequest, java.lang.Boolean>, mimeTypes={}). File system location: 'file:///home/chef/IdeaProjects/vertretungsplan/target/classes/webstatic/'
INFO  | 2024-08-07 12:19:01 | [main] util.JavalinLogger (JavalinLogger.kt:16) - Listening on http://localhost:8080/
INFO  | 2024-08-07 12:19:01 | [main] util.JavalinLogger (JavalinLogger.kt:16) - You are running Javalin 6.2.0 (released July 21, 2024).
INFO  | 2024-08-07 12:24:37 | [main] vp.Main (Main.java:23) - Starting Vertretungsplan ...
INFO  | 2024-08-07 12:24:37 | [main] vp.Main (Main.java:24) - 
 ___ ____   ____   __     ______  
|_ _/ ___| / ___|  \ \   / /  _ \ 
 | |\___ \| |   ____\ \ / /| |_) |
 | | ___) | |__|_____\ V / |  __/ 
|___|____/ \____|     \_/  |_|    

INFO  | 2024-08-07 12:24:38 | [main] util.JavalinLogger (JavalinLogger.kt:16) - Starting Javalin ...
INFO  | 2024-08-07 12:24:38 | [main] server.Server (Server.java:384) - jetty-11.0.21; built: 2024-05-14T03:19:28.958Z; git: 996cd61addad9cb033e0e3eba6fa3f0fa3dc270d; jvm 21.0.4+7-LTS
INFO  | 2024-08-07 12:24:38 | [main] session.DefaultSessionIdManager (DefaultSessionIdManager.java:332) - Session workerName=node0
INFO  | 2024-08-07 12:24:38 | [main] handler.ContextHandler (ContextHandler.java:907) - Started o.e.j.s.ServletContextHandler@21baa903{/,null,AVAILABLE}
INFO  | 2024-08-07 12:24:38 | [main] server.AbstractConnector (AbstractConnector.java:376) - Started ServerConnector@5d12a356{HTTP/1.1, (http/1.1)}{0.0.0.0:8080}
INFO  | 2024-08-07 12:24:38 | [main] server.Server (Server.java:439) - Started Server@4879dfad{STARTING}[11.0.21,sto=0] @1714ms
INFO  | 2024-08-07 12:24:38 | [main] util.JavalinLogger (JavalinLogger.kt:16) - Javalin started in 287ms \o/
INFO  | 2024-08-07 12:24:38 | [main] util.JavalinLogger (JavalinLogger.kt:16) - Listening on http://localhost:8080/
INFO  | 2024-08-07 12:24:38 | [main] util.JavalinLogger (JavalinLogger.kt:16) - You are running Javalin 6.2.0 (released July 21, 2024).
INFO  | 2024-08-07 14:37:12 | [main] core.Main (Main.java:46) - Starting Vertretungsplan ...
INFO  | 2024-08-07 14:37:12 | [main] core.Main (Main.java:47) - 
 ___ ____   ____   __     ______  
|_ _/ ___| / ___|  \ \   / /  _ \ 
 | |\___ \| |   ____\ \ / /| |_) |
 | | ___) | |__|_____\ V / |  __/ 
|___|____/ \____|     \_/  |_|    

INFO  | 2024-08-07 14:37:12 | [main] core.Main (Main.java:54) - Register Bouncy Castle Security Provider
INFO  | 2024-08-07 14:37:17 | [Thread-0] util.JavalinLogger (JavalinLogger.kt:16) - It looks like you created a Javalin instance, but you never started it.
INFO  | 2024-08-07 14:37:17 | [Thread-0] util.JavalinLogger (JavalinLogger.kt:16) - Try: Javalin app = Javalin.create().start();
INFO  | 2024-08-07 14:37:17 | [Thread-0] util.JavalinLogger (JavalinLogger.kt:16) - For more help, visit https://javalin.io/documentation#server-setup
INFO  | 2024-08-07 14:43:12 | [main] core.Main (Main.java:46) - Starting Vertretungsplan ...
INFO  | 2024-08-07 14:43:12 | [main] core.Main (Main.java:47) - 
 ___ ____   ____   __     ______  
|_ _/ ___| / ___|  \ \   / /  _ \ 
 | |\___ \| |   ____\ \ / /| |_) |
 | | ___) | |__|_____\ V / |  __/ 
|___|____/ \____|     \_/  |_|    

INFO  | 2024-08-07 14:43:12 | [main] core.Main (Main.java:54) - Register Bouncy Castle Security Provider
INFO  | 2024-08-07 14:44:39 | [main] core.Main (Main.java:46) - Starting Vertretungsplan ...
INFO  | 2024-08-07 14:44:39 | [main] core.Main (Main.java:47) - 
 ___ ____   ____   __     ______  
|_ _/ ___| / ___|  \ \   / /  _ \ 
 | |\___ \| |   ____\ \ / /| |_) |
 | | ___) | |__|_____\ V / |  __/ 
|___|____/ \____|     \_/  |_|    

INFO  | 2024-08-07 14:44:39 | [main] core.Main (Main.java:54) - Register Bouncy Castle Security Provider
INFO  | 2024-08-07 14:44:44 | [Thread-0] util.JavalinLogger (JavalinLogger.kt:16) - It looks like you created a Javalin instance, but you never started it.
INFO  | 2024-08-07 14:44:44 | [Thread-0] util.JavalinLogger (JavalinLogger.kt:16) - Try: Javalin app = Javalin.create().start();
INFO  | 2024-08-07 14:44:44 | [Thread-0] util.JavalinLogger (JavalinLogger.kt:16) - For more help, visit https://javalin.io/documentation#server-setup
INFO  | 2024-08-07 14:44:54 | [main] core.Main (Main.java:46) - Starting Vertretungsplan ...
INFO  | 2024-08-07 14:44:54 | [main] core.Main (Main.java:47) - 
 ___ ____   ____   __     ______  
|_ _/ ___| / ___|  \ \   / /  _ \ 
 | |\___ \| |   ____\ \ / /| |_) |
 | | ___) | |__|_____\ V / |  __/ 
|___|____/ \____|     \_/  |_|    

INFO  | 2024-08-07 14:44:54 | [main] core.Main (Main.java:54) - Register Bouncy Castle Security Provider
INFO  | 2024-08-07 14:44:54 | [main] core.Main (Main.java:82) - Initializing JWT keys...
INFO  | 2024-08-07 14:44:54 | [main] utilities.JWTTokenUtil (JWTTokenUtil.java:37) - Register BouncyCastle Cryptographic Provider
INFO  | 2024-08-07 14:44:54 | [main] utilities.JWTTokenUtil (JWTTokenUtil.java:45) - ECDSA Key Files not existing, generating new one...
INFO  | 2024-08-07 14:44:54 | [main] utilities.JWTTokenUtil (JWTTokenUtil.java:62) - 🔒 Key generated, dumping to file
INFO  | 2024-08-07 14:44:54 | [main] utilities.JWTTokenUtil (JWTTokenUtil.java:65) - 💾 JWT Public Key saved to /home/moritz/isc-vp/backend/target/serverdata/jwtPublic.pem
INFO  | 2024-08-07 14:44:54 | [main] utilities.JWTTokenUtil (JWTTokenUtil.java:68) - 💾 JWT Private Key saved to /home/moritz/isc-vp/backend/target/serverdata/jwtPrivate.pem
INFO  | 2024-08-07 14:44:54 | [main] utilities.JWTTokenUtil (JWTTokenUtil.java:80) - Set JWT Algorithm
INFO  | 2024-08-07 14:44:54 | [main] utilities.JWTTokenUtil (JWTTokenUtil.java:83) - JWT initialization complete
INFO  | 2024-08-07 14:44:54 | [main] core.Main (Main.java:85) - Discovering endpoint classes...
INFO  | 2024-08-07 14:44:54 | [main] autodiscovery.EndpointClassDiscovery (EndpointClassDiscovery.java:56) - 🔎 Scanning in "de.morihofi.infrastructure.mosnet.components..*" for component classes ...
INFO  | 2024-08-07 14:44:54 | [main] reflections.Reflections (Reflections.java:219) - Reflections took 6 ms to scan 0 urls, producing 0 keys and 0 values
INFO  | 2024-08-07 14:44:54 | [main] core.Main (Main.java:88) - 🚀 Initialization complete, starting API
INFO  | 2024-08-07 14:44:54 | [main] util.JavalinLogger (JavalinLogger.kt:16) - Starting Javalin ...
INFO  | 2024-08-07 14:44:54 | [main] server.Server (Server.java:384) - jetty-11.0.21; built: 2024-05-14T03:19:28.958Z; git: 996cd61addad9cb033e0e3eba6fa3f0fa3dc270d; jvm 21.0.3+9-LTS
INFO  | 2024-08-07 14:44:55 | [main] session.DefaultSessionIdManager (DefaultSessionIdManager.java:332) - Session workerName=node0
INFO  | 2024-08-07 14:44:55 | [main] handler.ContextHandler (ContextHandler.java:907) - Started o.e.j.s.ServletContextHandler@1c025cb{/,null,AVAILABLE}
INFO  | 2024-08-07 14:44:55 | [main] server.AbstractConnector (AbstractConnector.java:376) - Started ServerConnector@34448e6c{HTTP/1.1, (http/1.1)}{0.0.0.0:8080}
INFO  | 2024-08-07 14:44:55 | [main] server.Server (Server.java:439) - Started Server@4fcc529{STARTING}[11.0.21,sto=0] @1074ms
INFO  | 2024-08-07 14:44:55 | [main] util.JavalinLogger (JavalinLogger.kt:16) - Javalin started in 125ms \o/
INFO  | 2024-08-07 14:44:55 | [main] util.JavalinLogger (JavalinLogger.kt:16) - Listening on http://localhost:8080/
INFO  | 2024-08-07 14:44:55 | [main] util.JavalinLogger (JavalinLogger.kt:16) - You are running Javalin 6.2.0 (released July 21, 2024).
INFO  | 2024-08-07 14:44:55 | [main] core.Main (Main.java:91) - ✅ API is ready
INFO  | 2024-08-07 14:47:13 | [main] core.Main (Main.java:46) - Starting Vertretungsplan ...
INFO  | 2024-08-07 14:47:13 | [main] core.Main (Main.java:47) - 
 ___ ____   ____   __     ______  
|_ _/ ___| / ___|  \ \   / /  _ \ 
 | |\___ \| |   ____\ \ / /| |_) |
 | | ___) | |__|_____\ V / |  __/ 
|___|____/ \____|     \_/  |_|    

INFO  | 2024-08-07 14:47:13 | [main] core.Main (Main.java:54) - Register Bouncy Castle Security Provider
INFO  | 2024-08-07 14:47:13 | [main] core.Main (Main.java:82) - Initializing JWT keys...
INFO  | 2024-08-07 14:47:13 | [main] utilities.JWTTokenUtil (JWTTokenUtil.java:37) - Register BouncyCastle Cryptographic Provider
INFO  | 2024-08-07 14:47:13 | [main] utilities.JWTTokenUtil (JWTTokenUtil.java:71) - 🗃️ Loading JWT Public Key from /home/moritz/isc-vp/backend/target/serverdata/jwtPublic.pem
INFO  | 2024-08-07 14:47:13 | [main] utilities.JWTTokenUtil (JWTTokenUtil.java:73) - JWT Public Key loaded
INFO  | 2024-08-07 14:47:13 | [main] utilities.JWTTokenUtil (JWTTokenUtil.java:75) - 🗃️ Loading JWT Private Key from /home/moritz/isc-vp/backend/target/serverdata/jwtPrivate.pem
INFO  | 2024-08-07 14:47:13 | [main] utilities.JWTTokenUtil (JWTTokenUtil.java:77) - JWT Private Key loaded
INFO  | 2024-08-07 14:47:13 | [main] utilities.JWTTokenUtil (JWTTokenUtil.java:80) - Set JWT Algorithm
INFO  | 2024-08-07 14:47:13 | [main] utilities.JWTTokenUtil (JWTTokenUtil.java:83) - JWT initialization complete
INFO  | 2024-08-07 14:47:13 | [main] core.Main (Main.java:85) - Discovering endpoint classes...
INFO  | 2024-08-07 14:47:13 | [main] autodiscovery.EndpointClassDiscovery (EndpointClassDiscovery.java:56) - 🔎 Scanning in "de.industrieschule.vp.handler.*" for component classes ...
INFO  | 2024-08-07 14:47:13 | [main] reflections.Reflections (Reflections.java:219) - Reflections took 5 ms to scan 0 urls, producing 0 keys and 0 values
INFO  | 2024-08-07 14:47:13 | [main] core.Main (Main.java:88) - 🚀 Initialization complete, starting API
INFO  | 2024-08-07 14:47:13 | [main] util.JavalinLogger (JavalinLogger.kt:16) - Starting Javalin ...
INFO  | 2024-08-07 14:47:13 | [main] server.Server (Server.java:384) - jetty-11.0.21; built: 2024-05-14T03:19:28.958Z; git: 996cd61addad9cb033e0e3eba6fa3f0fa3dc270d; jvm 21.0.3+9-LTS
INFO  | 2024-08-07 14:47:13 | [main] session.DefaultSessionIdManager (DefaultSessionIdManager.java:332) - Session workerName=node0
INFO  | 2024-08-07 14:47:13 | [main] handler.ContextHandler (ContextHandler.java:907) - Started o.e.j.s.ServletContextHandler@4158debd{/,null,AVAILABLE}
INFO  | 2024-08-07 14:47:13 | [main] server.AbstractConnector (AbstractConnector.java:376) - Started ServerConnector@759d81f3{HTTP/1.1, (http/1.1)}{0.0.0.0:8080}
INFO  | 2024-08-07 14:47:13 | [main] server.Server (Server.java:439) - Started Server@30feffc{STARTING}[11.0.21,sto=0] @1077ms
INFO  | 2024-08-07 14:47:13 | [main] util.JavalinLogger (JavalinLogger.kt:16) - Javalin started in 121ms \o/
INFO  | 2024-08-07 14:47:13 | [main] util.JavalinLogger (JavalinLogger.kt:16) - Listening on http://localhost:8080/
INFO  | 2024-08-07 14:47:13 | [main] util.JavalinLogger (JavalinLogger.kt:16) - You are running Javalin 6.2.0 (released July 21, 2024).
INFO  | 2024-08-07 14:47:13 | [main] core.Main (Main.java:91) - ✅ API is ready
INFO  | 2024-08-07 15:03:25 | [main] core.Main (Main.java:46) - Starting Vertretungsplan ...
INFO  | 2024-08-07 15:03:25 | [main] core.Main (Main.java:47) - 
 ___ ____   ____   __     ______  
|_ _/ ___| / ___|  \ \   / /  _ \ 
 | |\___ \| |   ____\ \ / /| |_) |
 | | ___) | |__|_____\ V / |  __/ 
|___|____/ \____|     \_/  |_|    

INFO  | 2024-08-07 15:03:25 | [main] core.Main (Main.java:54) - Register Bouncy Castle Security Provider
INFO  | 2024-08-07 15:03:25 | [main] core.Main (Main.java:82) - Initializing JWT keys...
INFO  | 2024-08-07 15:03:25 | [main] utilities.JWTTokenUtil (JWTTokenUtil.java:37) - Register BouncyCastle Cryptographic Provider
INFO  | 2024-08-07 15:03:25 | [main] utilities.JWTTokenUtil (JWTTokenUtil.java:71) - 🗃️ Loading JWT Public Key from /home/moritz/isc-vp/backend/target/serverdata/jwtPublic.pem
INFO  | 2024-08-07 15:03:25 | [main] utilities.JWTTokenUtil (JWTTokenUtil.java:73) - JWT Public Key loaded
INFO  | 2024-08-07 15:03:25 | [main] utilities.JWTTokenUtil (JWTTokenUtil.java:75) - 🗃️ Loading JWT Private Key from /home/moritz/isc-vp/backend/target/serverdata/jwtPrivate.pem
INFO  | 2024-08-07 15:03:25 | [main] utilities.JWTTokenUtil (JWTTokenUtil.java:77) - JWT Private Key loaded
INFO  | 2024-08-07 15:03:25 | [main] utilities.JWTTokenUtil (JWTTokenUtil.java:80) - Set JWT Algorithm
INFO  | 2024-08-07 15:03:25 | [main] utilities.JWTTokenUtil (JWTTokenUtil.java:83) - JWT initialization complete
INFO  | 2024-08-07 15:03:25 | [main] core.Main (Main.java:87) - Discovering API-Endpoint classes...
INFO  | 2024-08-07 15:03:25 | [main] autodiscovery.EndpointClassDiscovery (EndpointClassDiscovery.java:56) - 🔎 Scanning in "de.industrieschule.vp.handler.*" for component classes ...
INFO  | 2024-08-07 15:03:25 | [main] reflections.Reflections (Reflections.java:219) - Reflections took 3 ms to scan 0 urls, producing 0 keys and 0 values
INFO  | 2024-08-07 15:03:25 | [main] core.Main (Main.java:90) - 🚀 Initialization complete, starting API
INFO  | 2024-08-07 15:03:25 | [main] util.JavalinLogger (JavalinLogger.kt:16) - Starting Javalin ...
INFO  | 2024-08-07 15:03:25 | [main] server.Server (Server.java:384) - jetty-11.0.21; built: 2024-05-14T03:19:28.958Z; git: 996cd61addad9cb033e0e3eba6fa3f0fa3dc270d; jvm 21.0.3+9-LTS
INFO  | 2024-08-07 15:03:25 | [main] session.DefaultSessionIdManager (DefaultSessionIdManager.java:332) - Session workerName=node0
INFO  | 2024-08-07 15:03:25 | [main] handler.ContextHandler (ContextHandler.java:907) - Started o.e.j.s.ServletContextHandler@af78c87{/,null,AVAILABLE}
INFO  | 2024-08-07 15:03:25 | [main] server.AbstractConnector (AbstractConnector.java:376) - Started ServerConnector@781a9412{HTTP/1.1, (http/1.1)}{0.0.0.0:8080}
INFO  | 2024-08-07 15:03:25 | [main] server.Server (Server.java:439) - Started Server@67207d8a{STARTING}[11.0.21,sto=0] @1069ms
INFO  | 2024-08-07 15:03:25 | [main] util.JavalinLogger (JavalinLogger.kt:16) - Javalin started in 122ms \o/
INFO  | 2024-08-07 15:03:25 | [main] util.JavalinLogger (JavalinLogger.kt:16) - Listening on http://localhost:8080/
INFO  | 2024-08-07 15:03:25 | [main] util.JavalinLogger (JavalinLogger.kt:16) - You are running Javalin 6.2.0 (released July 21, 2024).
INFO  | 2024-08-07 15:03:25 | [main] core.Main (Main.java:93) - ✅ API is ready
INFO  | 2024-08-07 15:03:38 | [main] core.Main (Main.java:46) - Starting Vertretungsplan ...
INFO  | 2024-08-07 15:03:38 | [main] core.Main (Main.java:47) - 
 ___ ____   ____   __     ______  
|_ _/ ___| / ___|  \ \   / /  _ \ 
 | |\___ \| |   ____\ \ / /| |_) |
 | | ___) | |__|_____\ V / |  __/ 
|___|____/ \____|     \_/  |_|    

INFO  | 2024-08-07 15:03:38 | [main] core.Main (Main.java:54) - Register Bouncy Castle Security Provider
INFO  | 2024-08-07 15:03:38 | [main] core.Main (Main.java:82) - Initializing JWT keys...
INFO  | 2024-08-07 15:03:38 | [main] utilities.JWTTokenUtil (JWTTokenUtil.java:37) - Register BouncyCastle Cryptographic Provider
INFO  | 2024-08-07 15:03:38 | [main] utilities.JWTTokenUtil (JWTTokenUtil.java:71) - 🗃️ Loading JWT Public Key from /home/moritz/isc-vp/backend/target/serverdata/jwtPublic.pem
INFO  | 2024-08-07 15:03:38 | [main] utilities.JWTTokenUtil (JWTTokenUtil.java:73) - JWT Public Key loaded
INFO  | 2024-08-07 15:03:38 | [main] utilities.JWTTokenUtil (JWTTokenUtil.java:75) - 🗃️ Loading JWT Private Key from /home/moritz/isc-vp/backend/target/serverdata/jwtPrivate.pem
INFO  | 2024-08-07 15:03:38 | [main] utilities.JWTTokenUtil (JWTTokenUtil.java:77) - JWT Private Key loaded
INFO  | 2024-08-07 15:03:38 | [main] utilities.JWTTokenUtil (JWTTokenUtil.java:80) - Set JWT Algorithm
INFO  | 2024-08-07 15:03:38 | [main] utilities.JWTTokenUtil (JWTTokenUtil.java:83) - JWT initialization complete
INFO  | 2024-08-07 15:03:38 | [main] core.Main (Main.java:87) - Discovering API-Endpoint classes...
INFO  | 2024-08-07 15:03:38 | [main] autodiscovery.EndpointClassDiscovery (EndpointClassDiscovery.java:56) - 🔎 Scanning in "de.industrieschule.vp.handler.*" for component classes ...
INFO  | 2024-08-07 15:03:38 | [main] reflections.Reflections (Reflections.java:219) - Reflections took 3 ms to scan 0 urls, producing 0 keys and 0 values
INFO  | 2024-08-07 15:03:38 | [main] core.Main (Main.java:90) - 🚀 Initialization complete, starting API
INFO  | 2024-08-07 15:03:38 | [main] util.JavalinLogger (JavalinLogger.kt:16) - Starting Javalin ...
INFO  | 2024-08-07 15:03:38 | [main] server.Server (Server.java:384) - jetty-11.0.21; built: 2024-05-14T03:19:28.958Z; git: 996cd61addad9cb033e0e3eba6fa3f0fa3dc270d; jvm 21.0.3+9-LTS
INFO  | 2024-08-07 15:03:38 | [main] session.DefaultSessionIdManager (DefaultSessionIdManager.java:332) - Session workerName=node0
INFO  | 2024-08-07 15:03:38 | [main] handler.ContextHandler (ContextHandler.java:907) - Started o.e.j.s.ServletContextHandler@af78c87{/,null,AVAILABLE}
INFO  | 2024-08-07 15:03:38 | [main] server.AbstractConnector (AbstractConnector.java:376) - Started ServerConnector@781a9412{HTTP/1.1, (http/1.1)}{0.0.0.0:8080}
INFO  | 2024-08-07 15:03:38 | [main] server.Server (Server.java:439) - Started Server@67207d8a{STARTING}[11.0.21,sto=0] @1085ms
INFO  | 2024-08-07 15:03:38 | [main] util.JavalinLogger (JavalinLogger.kt:16) - Javalin started in 123ms \o/
INFO  | 2024-08-07 15:03:38 | [main] util.JavalinLogger (JavalinLogger.kt:16) - Listening on http://localhost:8080/
INFO  | 2024-08-07 15:03:38 | [main] util.JavalinLogger (JavalinLogger.kt:16) - You are running Javalin 6.2.0 (released July 21, 2024).
INFO  | 2024-08-07 15:03:38 | [main] core.Main (Main.java:93) - ✅ API is ready
INFO  | 2024-08-07 15:04:12 | [main] core.Main (Main.java:46) - Starting Vertretungsplan ...
INFO  | 2024-08-07 15:04:12 | [main] core.Main (Main.java:47) - 
 ___ ____   ____   __     ______  
|_ _/ ___| / ___|  \ \   / /  _ \ 
 | |\___ \| |   ____\ \ / /| |_) |
 | | ___) | |__|_____\ V / |  __/ 
|___|____/ \____|     \_/  |_|    

INFO  | 2024-08-07 15:04:12 | [main] core.Main (Main.java:54) - Register Bouncy Castle Security Provider
INFO  | 2024-08-07 15:04:12 | [main] core.Main (Main.java:57) - Initializing Database ...
INFO  | 2024-08-07 15:04:12 | [main] hibernate.Version (Version.java:44) - HHH000412: Hibernate ORM core version 6.5.1.Final
INFO  | 2024-08-07 15:04:12 | [main] reflections.Reflections (Reflections.java:219) - Reflections took 3 ms to scan 0 urls, producing 0 keys and 0 values
INFO  | 2024-08-07 15:04:12 | [main] internal.RegionFactoryInitiator (RegionFactoryInitiator.java:50) - HHH000026: Second-level cache disabled
INFO  | 2024-08-07 15:06:05 | [main] core.Main (Main.java:46) - Starting Vertretungsplan ...
INFO  | 2024-08-07 15:06:05 | [main] core.Main (Main.java:47) - 
 ___ ____   ____   __     ______  
|_ _/ ___| / ___|  \ \   / /  _ \ 
 | |\___ \| |   ____\ \ / /| |_) |
 | | ___) | |__|_____\ V / |  __/ 
|___|____/ \____|     \_/  |_|    

INFO  | 2024-08-07 15:06:05 | [main] core.Main (Main.java:54) - Register Bouncy Castle Security Provider
INFO  | 2024-08-07 15:06:05 | [main] core.Main (Main.java:57) - Initializing Database ...
INFO  | 2024-08-07 15:06:05 | [main] hibernate.Version (Version.java:44) - HHH000412: Hibernate ORM core version 6.5.1.Final
INFO  | 2024-08-07 15:06:05 | [main] reflections.Reflections (Reflections.java:219) - Reflections took 3 ms to scan 0 urls, producing 0 keys and 0 values
INFO  | 2024-08-07 15:06:05 | [main] internal.RegionFactoryInitiator (RegionFactoryInitiator.java:50) - HHH000026: Second-level cache disabled
INFO  | 2024-08-07 15:08:38 | [main] core.Main (Main.java:46) - Starting Vertretungsplan ...
INFO  | 2024-08-07 15:08:38 | [main] core.Main (Main.java:47) - 
 ___ ____   ____   __     ______  
|_ _/ ___| / ___|  \ \   / /  _ \ 
 | |\___ \| |   ____\ \ / /| |_) |
 | | ___) | |__|_____\ V / |  __/ 
|___|____/ \____|     \_/  |_|    

INFO  | 2024-08-07 15:08:38 | [main] core.Main (Main.java:54) - Register Bouncy Castle Security Provider
INFO  | 2024-08-07 15:08:39 | [main] core.Main (Main.java:57) - Initializing Database ...
INFO  | 2024-08-07 15:08:39 | [main] hibernate.Version (Version.java:44) - HHH000412: Hibernate ORM core version 6.5.1.Final
INFO  | 2024-08-07 15:08:39 | [main] core.HibernateUtil (HibernateUtil.java:87) - Configuring JDBC URL and login credentials
INFO  | 2024-08-07 15:08:39 | [main] reflections.Reflections (Reflections.java:219) - Reflections took 4 ms to scan 0 urls, producing 0 keys and 0 values
INFO  | 2024-08-07 15:08:39 | [main] internal.RegionFactoryInitiator (RegionFactoryInitiator.java:50) - HHH000026: Second-level cache disabled
INFO  | 2024-08-07 15:09:28 | [main] core.Main (Main.java:46) - Starting Vertretungsplan ...
INFO  | 2024-08-07 15:09:28 | [main] core.Main (Main.java:47) - 
 ___ ____   ____   __     ______  
|_ _/ ___| / ___|  \ \   / /  _ \ 
 | |\___ \| |   ____\ \ / /| |_) |
 | | ___) | |__|_____\ V / |  __/ 
|___|____/ \____|     \_/  |_|    

INFO  | 2024-08-07 15:09:28 | [main] core.Main (Main.java:54) - Register Bouncy Castle Security Provider
INFO  | 2024-08-07 15:09:28 | [main] core.Main (Main.java:57) - Initializing Database ...
INFO  | 2024-08-07 15:09:28 | [main] hibernate.Version (Version.java:44) - HHH000412: Hibernate ORM core version 6.5.1.Final
INFO  | 2024-08-07 15:09:28 | [main] core.HibernateUtil (HibernateUtil.java:96) - Configuring JDBC URL and login credentials
INFO  | 2024-08-07 15:09:28 | [main] reflections.Reflections (Reflections.java:219) - Reflections took 3 ms to scan 0 urls, producing 0 keys and 0 values
INFO  | 2024-08-07 15:09:28 | [main] internal.RegionFactoryInitiator (RegionFactoryInitiator.java:50) - HHH000026: Second-level cache disabled
INFO  | 2024-08-07 15:09:28 | [main] internal.ConnectionProviderInitiator (ConnectionProviderInitiator.java:136) - HHH000130: Instantiating explicit connection provider: org.hibernate.engine.jdbc.connections.internal.DriverManagerConnectionProviderImpl
WARN  | 2024-08-07 15:09:28 | [main] internal.DriverManagerConnectionProviderImpl (DriverManagerConnectionProviderImpl.java:81) - HHH10001002: Using built-in connection pool (not intended for production use)
INFO  | 2024-08-07 15:09:28 | [main] internal.DriverManagerConnectionProviderImpl (DriverManagerConnectionProviderImpl.java:136) - HHH10001005: Loaded JDBC driver class: org.h2.Driver
INFO  | 2024-08-07 15:09:28 | [main] internal.DriverManagerConnectionProviderImpl (DriverManagerConnectionProviderImpl.java:158) - HHH10001012: Connecting with JDBC URL [jdbc:h2:file:./data/database]
INFO  | 2024-08-07 15:09:28 | [main] internal.DriverManagerConnectionProviderImpl (DriverManagerConnectionProviderImpl.java:167) - HHH10001001: Connection properties: {password=****, user=user}
INFO  | 2024-08-07 15:09:28 | [main] internal.DriverManagerConnectionProviderImpl (DriverManagerConnectionProviderImpl.java:171) - HHH10001003: Autocommit mode: false
INFO  | 2024-08-07 15:09:28 | [main] internal.DriverManagerConnectionProviderImpl$PooledConnections (DriverManagerConnectionProviderImpl.java:372) - HHH10001115: Connection pool size: 20 (min=1)
INFO  | 2024-08-07 15:09:29 | [main] internal.JtaPlatformInitiator (JtaPlatformInitiator.java:59) - HHH000489: No JTA platform available (set 'hibernate.transaction.jta.platform' to enable JTA platform integration)
INFO  | 2024-08-07 15:09:29 | [main] core.Main (Main.java:83) - Initializing JWT keys...
INFO  | 2024-08-07 15:09:29 | [main] utilities.JWTTokenUtil (JWTTokenUtil.java:37) - Register BouncyCastle Cryptographic Provider
INFO  | 2024-08-07 15:09:29 | [main] utilities.JWTTokenUtil (JWTTokenUtil.java:71) - 🗃️ Loading JWT Public Key from /home/moritz/isc-vp/backend/target/serverdata/jwtPublic.pem
INFO  | 2024-08-07 15:09:29 | [main] utilities.JWTTokenUtil (JWTTokenUtil.java:73) - JWT Public Key loaded
INFO  | 2024-08-07 15:09:29 | [main] utilities.JWTTokenUtil (JWTTokenUtil.java:75) - 🗃️ Loading JWT Private Key from /home/moritz/isc-vp/backend/target/serverdata/jwtPrivate.pem
INFO  | 2024-08-07 15:09:29 | [main] utilities.JWTTokenUtil (JWTTokenUtil.java:77) - JWT Private Key loaded
INFO  | 2024-08-07 15:09:29 | [main] utilities.JWTTokenUtil (JWTTokenUtil.java:80) - Set JWT Algorithm
INFO  | 2024-08-07 15:09:29 | [main] utilities.JWTTokenUtil (JWTTokenUtil.java:83) - JWT initialization complete
INFO  | 2024-08-07 15:09:29 | [main] core.Main (Main.java:88) - Discovering API-Endpoint classes...
INFO  | 2024-08-07 15:09:29 | [main] autodiscovery.EndpointClassDiscovery (EndpointClassDiscovery.java:56) - 🔎 Scanning in "de.industrieschule.vp.handler.*" for component classes ...
INFO  | 2024-08-07 15:09:29 | [main] reflections.Reflections (Reflections.java:219) - Reflections took 1 ms to scan 0 urls, producing 0 keys and 0 values
INFO  | 2024-08-07 15:09:29 | [main] core.Main (Main.java:91) - 🚀 Initialization complete, starting API
INFO  | 2024-08-07 15:09:29 | [main] util.JavalinLogger (JavalinLogger.kt:16) - Starting Javalin ...
INFO  | 2024-08-07 15:09:29 | [main] server.Server (Server.java:384) - jetty-11.0.21; built: 2024-05-14T03:19:28.958Z; git: 996cd61addad9cb033e0e3eba6fa3f0fa3dc270d; jvm 21.0.3+9-LTS
INFO  | 2024-08-07 15:09:29 | [main] session.DefaultSessionIdManager (DefaultSessionIdManager.java:332) - Session workerName=node0
INFO  | 2024-08-07 15:09:29 | [main] handler.ContextHandler (ContextHandler.java:907) - Started o.e.j.s.ServletContextHandler@41a16eb3{/,null,AVAILABLE}
INFO  | 2024-08-07 15:09:29 | [main] server.AbstractConnector (AbstractConnector.java:376) - Started ServerConnector@2d70f312{HTTP/1.1, (http/1.1)}{0.0.0.0:8080}
INFO  | 2024-08-07 15:09:29 | [main] server.Server (Server.java:439) - Started Server@24197b13{STARTING}[11.0.21,sto=0] @1744ms
INFO  | 2024-08-07 15:09:29 | [main] util.JavalinLogger (JavalinLogger.kt:16) - Javalin started in 107ms \o/
INFO  | 2024-08-07 15:09:29 | [main] util.JavalinLogger (JavalinLogger.kt:16) - Listening on http://localhost:8080/
INFO  | 2024-08-07 15:09:29 | [main] util.JavalinLogger (JavalinLogger.kt:16) - You are running Javalin 6.2.0 (released July 21, 2024).
INFO  | 2024-08-07 15:09:29 | [main] core.Main (Main.java:94) - ✅ API is ready
INFO  | 2024-08-07 15:09:45 | [Database Shutdown Thread] core.HibernateUtil (HibernateUtil.java:126) - Initiating shutdown of Hibernate Database
INFO  | 2024-08-07 15:09:45 | [Database Shutdown Thread] internal.DriverManagerConnectionProviderImpl$PoolState (DriverManagerConnectionProviderImpl.java:607) - HHH10001008: Cleaning up connection pool [jdbc:h2:file:./data/database]
INFO  | 2024-08-07 15:09:45 | [Database Shutdown Thread] core.HibernateUtil (HibernateUtil.java:129) - Shutdown of Hibernate Database completed successfully.
INFO  | 2024-08-07 15:09:45 | [Database Shutdown Thread] core.HibernateUtil (HibernateUtil.java:130) - Free up resources
INFO  | 2024-08-07 15:09:46 | [main] core.Main (Main.java:46) - Starting Vertretungsplan ...
INFO  | 2024-08-07 15:09:46 | [main] core.Main (Main.java:47) - 
 ___ ____   ____   __     ______  
|_ _/ ___| / ___|  \ \   / /  _ \ 
 | |\___ \| |   ____\ \ / /| |_) |
 | | ___) | |__|_____\ V / |  __/ 
|___|____/ \____|     \_/  |_|    

INFO  | 2024-08-07 15:09:46 | [main] core.Main (Main.java:54) - Register Bouncy Castle Security Provider
INFO  | 2024-08-07 15:09:46 | [main] core.Main (Main.java:57) - Initializing Database ...
INFO  | 2024-08-07 15:09:46 | [main] hibernate.Version (Version.java:44) - HHH000412: Hibernate ORM core version 6.5.1.Final
INFO  | 2024-08-07 15:09:46 | [main] core.HibernateUtil (HibernateUtil.java:96) - Configuring JDBC URL and login credentials
INFO  | 2024-08-07 15:09:46 | [main] reflections.Reflections (Reflections.java:219) - Reflections took 3 ms to scan 0 urls, producing 0 keys and 0 values
INFO  | 2024-08-07 15:09:46 | [main] internal.RegionFactoryInitiator (RegionFactoryInitiator.java:50) - HHH000026: Second-level cache disabled
INFO  | 2024-08-07 15:09:46 | [main] internal.ConnectionProviderInitiator (ConnectionProviderInitiator.java:136) - HHH000130: Instantiating explicit connection provider: org.hibernate.engine.jdbc.connections.internal.DriverManagerConnectionProviderImpl
WARN  | 2024-08-07 15:09:46 | [main] internal.DriverManagerConnectionProviderImpl (DriverManagerConnectionProviderImpl.java:81) - HHH10001002: Using built-in connection pool (not intended for production use)
INFO  | 2024-08-07 15:09:46 | [main] internal.DriverManagerConnectionProviderImpl (DriverManagerConnectionProviderImpl.java:136) - HHH10001005: Loaded JDBC driver class: org.h2.Driver
INFO  | 2024-08-07 15:09:46 | [main] internal.DriverManagerConnectionProviderImpl (DriverManagerConnectionProviderImpl.java:158) - HHH10001012: Connecting with JDBC URL [jdbc:h2:file:./data/database]
INFO  | 2024-08-07 15:09:46 | [main] internal.DriverManagerConnectionProviderImpl (DriverManagerConnectionProviderImpl.java:167) - HHH10001001: Connection properties: {password=****, user=user}
INFO  | 2024-08-07 15:09:46 | [main] internal.DriverManagerConnectionProviderImpl (DriverManagerConnectionProviderImpl.java:171) - HHH10001003: Autocommit mode: false
INFO  | 2024-08-07 15:09:46 | [main] internal.DriverManagerConnectionProviderImpl$PooledConnections (DriverManagerConnectionProviderImpl.java:372) - HHH10001115: Connection pool size: 20 (min=1)
INFO  | 2024-08-07 15:09:47 | [main] internal.JtaPlatformInitiator (JtaPlatformInitiator.java:59) - HHH000489: No JTA platform available (set 'hibernate.transaction.jta.platform' to enable JTA platform integration)
INFO  | 2024-08-07 15:09:47 | [main] core.Main (Main.java:83) - Initializing JWT keys...
INFO  | 2024-08-07 15:09:47 | [main] utilities.JWTTokenUtil (JWTTokenUtil.java:37) - Register BouncyCastle Cryptographic Provider
INFO  | 2024-08-07 15:09:47 | [main] utilities.JWTTokenUtil (JWTTokenUtil.java:71) - 🗃️ Loading JWT Public Key from /home/moritz/isc-vp/backend/target/serverdata/jwtPublic.pem
INFO  | 2024-08-07 15:09:47 | [main] utilities.JWTTokenUtil (JWTTokenUtil.java:73) - JWT Public Key loaded
INFO  | 2024-08-07 15:09:47 | [main] utilities.JWTTokenUtil (JWTTokenUtil.java:75) - 🗃️ Loading JWT Private Key from /home/moritz/isc-vp/backend/target/serverdata/jwtPrivate.pem
INFO  | 2024-08-07 15:09:47 | [main] utilities.JWTTokenUtil (JWTTokenUtil.java:77) - JWT Private Key loaded
INFO  | 2024-08-07 15:09:47 | [main] utilities.JWTTokenUtil (JWTTokenUtil.java:80) - Set JWT Algorithm
INFO  | 2024-08-07 15:09:47 | [main] utilities.JWTTokenUtil (JWTTokenUtil.java:83) - JWT initialization complete
INFO  | 2024-08-07 15:09:47 | [main] core.Main (Main.java:88) - Discovering API-Endpoint classes...
INFO  | 2024-08-07 15:09:47 | [main] autodiscovery.EndpointClassDiscovery (EndpointClassDiscovery.java:56) - 🔎 Scanning in "de.industrieschule.vp.handler.*" for component classes ...
INFO  | 2024-08-07 15:09:47 | [main] reflections.Reflections (Reflections.java:219) - Reflections took 0 ms to scan 0 urls, producing 0 keys and 0 values
INFO  | 2024-08-07 15:09:47 | [main] core.Main (Main.java:91) - 🚀 Initialization complete, starting API
INFO  | 2024-08-07 15:09:47 | [main] util.JavalinLogger (JavalinLogger.kt:16) - Starting Javalin ...
INFO  | 2024-08-07 15:09:47 | [main] server.Server (Server.java:384) - jetty-11.0.21; built: 2024-05-14T03:19:28.958Z; git: 996cd61addad9cb033e0e3eba6fa3f0fa3dc270d; jvm 21.0.3+9-LTS
INFO  | 2024-08-07 15:09:47 | [main] session.DefaultSessionIdManager (DefaultSessionIdManager.java:332) - Session workerName=node0
INFO  | 2024-08-07 15:09:47 | [main] handler.ContextHandler (ContextHandler.java:907) - Started o.e.j.s.ServletContextHandler@7bede4ea{/,null,AVAILABLE}
INFO  | 2024-08-07 15:09:47 | [main] server.AbstractConnector (AbstractConnector.java:376) - Started ServerConnector@7c9beb51{HTTP/1.1, (http/1.1)}{0.0.0.0:8080}
INFO  | 2024-08-07 15:09:47 | [main] server.Server (Server.java:439) - Started Server@760f1081{STARTING}[11.0.21,sto=0] @1802ms
INFO  | 2024-08-07 15:09:47 | [main] util.JavalinLogger (JavalinLogger.kt:16) - Javalin started in 113ms \o/
INFO  | 2024-08-07 15:09:47 | [main] util.JavalinLogger (JavalinLogger.kt:16) - Listening on http://localhost:8080/
INFO  | 2024-08-07 15:09:47 | [main] util.JavalinLogger (JavalinLogger.kt:16) - You are running Javalin 6.2.0 (released July 21, 2024).
INFO  | 2024-08-07 15:09:47 | [main] core.Main (Main.java:94) - ✅ API is ready
